[2018-04-22 19:45:39] Enhörningsfantasternas samlingsplats.INFO: A user requested info about Småväxt enhörning [] []
[2018-04-22 21:46:42] Enhörningsfantasternas samlingsplats.INFO: A user requested info about all unicorns [] []
[2018-04-22 21:46:44] Enhörningsfantasternas samlingsplats.INFO: A user requested info about Tordönsenhörning [] []
[2018-04-22 21:46:48] Enhörningsfantasternas samlingsplats.INFO: A user tried to find a unicorn with a non-existing ID. [] []
[2018-04-22 21:46:51] Enhörningsfantasternas samlingsplats.INFO: A user tried to find a unicorn with a non-existing ID. [] []
[2018-04-22 21:46:53] Enhörningsfantasternas samlingsplats.INFO: A user requested info about all unicorns [] []
[2018-04-22 21:46:56] Enhörningsfantasternas samlingsplats.INFO: A user requested info about Bayersk lättfotad [] []
[2018-04-22 21:50:44] Enhörningsfantasternas samlingsplats.INFO: A user requested info about all unicorns [] []
[2018-04-22 21:50:50] Enhörningsfantasternas samlingsplats.INFO: A user requested info about Nordsvensk travhörning [] []
[2018-04-22 21:50:56] Enhörningsfantasternas samlingsplats.INFO: A user requested info about Nattaktiv hornlöpare [] []
[2018-04-22 21:50:57] Enhörningsfantasternas samlingsplats.INFO: A user requested info about all unicorns [] []
[2018-04-22 21:52:27] Enhörningsfantasternas samlingsplats.INFO: A user requested info about all unicorns [] []
[2018-04-22 21:52:29] Enhörningsfantasternas samlingsplats.INFO: A user requested info about Nordsvensk travhörning [] []
[2018-04-22 21:52:31] Enhörningsfantasternas samlingsplats.INFO: A user requested info about all unicorns [] []
[2018-04-22 22:05:46] Enhörningsfantasternas samlingsplats.INFO: A user requested info about all unicorns [] []
[2018-04-22 22:07:24] Enhörningsfantasternas samlingsplats.INFO: A user requested info about all unicorns [] []
[2018-04-22 22:08:09] Enhörningsfantasternas samlingsplats.INFO: A user requested info about all unicorns [] []
[2018-04-22 22:09:02] Enhörningsfantasternas samlingsplats.INFO: A user requested info about all unicorns [] []
[2018-04-22 22:09:16] Enhörningsfantasternas samlingsplats.INFO: A user requested info about all unicorns [] []
[2018-04-22 22:09:44] Enhörningsfantasternas samlingsplats.INFO: A user requested info about all unicorns [] []
[2018-04-22 22:33:48] Enhörningsfantasternas samlingsplats.INFO: A user requested info about all unicorns [] []
[2018-04-22 22:33:53] Enhörningsfantasternas samlingsplats.INFO: A user requested info about Nordsvensk travhörning [] []
[2018-04-22 22:33:56] Enhörningsfantasternas samlingsplats.INFO: A user requested info about Nattaktiv hornlöpare [] []
[2018-04-22 22:33:59] Enhörningsfantasternas samlingsplats.INFO: A user requested info about Indisk enhörning [] []
[2018-04-22 22:34:00] Enhörningsfantasternas samlingsplats.INFO: A user requested info about all unicorns [] []
[2018-04-22 22:34:05] Enhörningsfantasternas samlingsplats.INFO: A user tried to find a unicorn with a non-existing ID. [] []
[2018-04-22 22:34:10] Enhörningsfantasternas samlingsplats.INFO: A user tried to find a unicorn with a non-existing ID. [] []
[2018-04-22 22:34:12] Enhörningsfantasternas samlingsplats.INFO: A user tried to find a unicorn with a non-existing ID. [] []
[2018-04-22 22:34:17] Enhörningsfantasternas samlingsplats.INFO: A user requested info about Tordönsenhörning [] []
[2018-04-22 22:34:18] Enhörningsfantasternas samlingsplats.INFO: A user requested info about all unicorns [] []
[2018-04-22 22:34:21] Enhörningsfantasternas samlingsplats.INFO: A user requested info about Transsylvansk kortsvans [] []
[2018-04-22 22:34:22] Enhörningsfantasternas samlingsplats.INFO: A user requested info about all unicorns [] []
[2018-04-22 22:56:27] Enhörningsfantasternas samlingsplats.INFO: A user requested info about all unicorns [] []
[2018-04-22 22:56:30] Enhörningsfantasternas samlingsplats.INFO: A user requested info about all unicorns [] []
